<?xml version="1.0" encoding="UTF-8"?>
<coverage generated="1765766835284" clover="3.2.0">
  <project timestamp="1765766835284" name="All files">
    <metrics statements="176" coveredstatements="156" conditionals="180" coveredconditionals="132" methods="66" coveredmethods="54" elements="422" coveredelements="342" complexity="0" loc="176" ncloc="176" packages="10" files="13" classes="13"/>
    <package name="app">
      <metrics statements="6" coveredstatements="6" conditionals="2" coveredconditionals="2" methods="2" coveredmethods="2"/>
      <file name="page.tsx" path="/home/jistriane/Documentos/StreamPay AI/StreamPay-AI/frontend/app/page.tsx">
        <metrics statements="6" coveredstatements="6" conditionals="2" coveredconditionals="2" methods="2" coveredmethods="2"/>
        <line num="6" count="22" type="stmt"/>
        <line num="8" count="22" type="stmt"/>
        <line num="9" count="11" type="stmt"/>
        <line num="12" count="22" type="cond" truecount="2" falsecount="0"/>
        <line num="13" count="11" type="stmt"/>
        <line num="16" count="11" type="stmt"/>
      </file>
    </package>
    <package name="app.cadastro">
      <metrics statements="23" coveredstatements="22" conditionals="6" coveredconditionals="5" methods="6" coveredmethods="5"/>
      <file name="page.tsx" path="/home/jistriane/Documentos/StreamPay AI/StreamPay-AI/frontend/app/cadastro/page.tsx">
        <metrics statements="23" coveredstatements="22" conditionals="6" coveredconditionals="5" methods="6" coveredmethods="5"/>
        <line num="8" count="28" type="stmt"/>
        <line num="9" count="28" type="stmt"/>
        <line num="10" count="28" type="stmt"/>
        <line num="11" count="28" type="stmt"/>
        <line num="12" count="28" type="stmt"/>
        <line num="14" count="28" type="stmt"/>
        <line num="15" count="4" type="stmt"/>
        <line num="16" count="4" type="stmt"/>
        <line num="17" count="4" type="stmt"/>
        <line num="19" count="4" type="stmt"/>
        <line num="20" count="4" type="stmt"/>
        <line num="26" count="3" type="stmt"/>
        <line num="28" count="3" type="cond" truecount="2" falsecount="0"/>
        <line num="29" count="2" type="stmt"/>
        <line num="30" count="2" type="stmt"/>
        <line num="31" count="0" type="stmt"/>
        <line num="34" count="1" type="cond" truecount="1" falsecount="1"/>
        <line num="37" count="1" type="stmt"/>
        <line num="39" count="4" type="stmt"/>
        <line num="43" count="28" type="stmt"/>
        <line num="62" count="4" type="stmt"/>
        <line num="72" count="4" type="stmt"/>
        <line num="82" count="4" type="stmt"/>
      </file>
    </package>
    <package name="app.compliance">
      <metrics statements="9" coveredstatements="9" conditionals="14" coveredconditionals="14" methods="5" coveredmethods="5"/>
      <file name="page.tsx" path="/home/jistriane/Documentos/StreamPay AI/StreamPay-AI/frontend/app/compliance/page.tsx">
        <metrics statements="9" coveredstatements="9" conditionals="14" coveredconditionals="14" methods="5" coveredmethods="5"/>
        <line num="6" count="14" type="stmt"/>
        <line num="7" count="13" type="stmt"/>
        <line num="9" count="13" type="stmt"/>
        <line num="10" count="7" type="stmt"/>
        <line num="11" count="6" type="stmt"/>
        <line num="13" count="6" type="stmt"/>
        <line num="14" count="6" type="stmt"/>
        <line num="16" count="1" type="stmt"/>
        <line num="19" count="13" type="stmt"/>
      </file>
    </package>
    <package name="app.components">
      <metrics statements="49" coveredstatements="35" conditionals="79" coveredconditionals="43" methods="17" coveredmethods="11"/>
      <file name="Button.tsx" path="/home/jistriane/Documentos/StreamPay AI/StreamPay-AI/frontend/app/components/Button.tsx">
        <metrics statements="3" coveredstatements="3" conditionals="16" coveredconditionals="8" methods="1" coveredmethods="1"/>
        <line num="23" count="51" type="stmt"/>
        <line num="31" count="51" type="stmt"/>
        <line num="37" count="51" type="stmt"/>
      </file>
      <file name="Card.tsx" path="/home/jistriane/Documentos/StreamPay AI/StreamPay-AI/frontend/app/components/Card.tsx">
        <metrics statements="3" coveredstatements="3" conditionals="6" coveredconditionals="2" methods="1" coveredmethods="1"/>
        <line num="19" count="66" type="stmt"/>
        <line num="25" count="66" type="stmt"/>
        <line num="32" count="66" type="stmt"/>
      </file>
      <file name="Chat.tsx" path="/home/jistriane/Documentos/StreamPay AI/StreamPay-AI/frontend/app/components/Chat.tsx">
        <metrics statements="41" coveredstatements="27" conditionals="36" coveredconditionals="20" methods="14" coveredmethods="8"/>
        <line num="13" count="22" type="stmt"/>
        <line num="14" count="22" type="stmt"/>
        <line num="22" count="22" type="stmt"/>
        <line num="23" count="22" type="stmt"/>
        <line num="24" count="22" type="stmt"/>
        <line num="25" count="22" type="stmt"/>
        <line num="27" count="22" type="stmt"/>
        <line num="28" count="18" type="stmt"/>
        <line num="31" count="22" type="stmt"/>
        <line num="32" count="18" type="stmt"/>
        <line num="35" count="22" type="stmt"/>
        <line num="36" count="4" type="cond" truecount="3" falsecount="1"/>
        <line num="38" count="4" type="stmt"/>
        <line num="45" count="4" type="stmt"/>
        <line num="46" count="4" type="stmt"/>
        <line num="47" count="4" type="stmt"/>
        <line num="49" count="4" type="stmt"/>
        <line num="50" count="4" type="stmt"/>
        <line num="62" count="2" type="stmt"/>
        <line num="65" count="0" type="cond" truecount="0" falsecount="2"/>
        <line num="66" count="0" type="stmt"/>
        <line num="67" count="0" type="stmt"/>
        <line num="73" count="0" type="stmt"/>
        <line num="76" count="0" type="stmt"/>
        <line num="79" count="0" type="stmt"/>
        <line num="80" count="0" type="stmt"/>
        <line num="81" count="0" type="stmt"/>
        <line num="87" count="0" type="stmt"/>
        <line num="90" count="0" type="stmt"/>
        <line num="96" count="0" type="stmt"/>
        <line num="99" count="3" type="stmt"/>
        <line num="105" count="3" type="stmt"/>
        <line num="107" count="3" type="stmt"/>
        <line num="108" count="3" type="stmt"/>
        <line num="112" count="22" type="stmt"/>
        <line num="113" count="0" type="cond" truecount="0" falsecount="4"/>
        <line num="114" count="0" type="stmt"/>
        <line num="115" count="0" type="stmt"/>
        <line num="119" count="22" type="stmt"/>
        <line num="123" count="32" type="stmt"/>
        <line num="160" count="4" type="stmt"/>
      </file>
      <file name="Input.tsx" path="/home/jistriane/Documentos/StreamPay AI/StreamPay-AI/frontend/app/components/Input.tsx">
        <metrics statements="2" coveredstatements="2" conditionals="21" coveredconditionals="13" methods="1" coveredmethods="1"/>
        <line num="22" count="130" type="cond" truecount="2" falsecount="0"/>
        <line num="24" count="130" type="stmt"/>
      </file>
    </package>
    <package name="app.configuracoes">
      <metrics statements="26" coveredstatements="25" conditionals="20" coveredconditionals="20" methods="8" coveredmethods="7"/>
      <file name="page.tsx" path="/home/jistriane/Documentos/StreamPay AI/StreamPay-AI/frontend/app/configuracoes/page.tsx">
        <metrics statements="26" coveredstatements="25" conditionals="20" coveredconditionals="20" methods="8" coveredmethods="7"/>
        <line num="5" count="25" type="stmt"/>
        <line num="6" count="24" type="stmt"/>
        <line num="7" count="24" type="stmt"/>
        <line num="8" count="24" type="stmt"/>
        <line num="9" count="24" type="stmt"/>
        <line num="11" count="24" type="stmt"/>
        <line num="12" count="8" type="stmt"/>
        <line num="13" count="8" type="stmt"/>
        <line num="15" count="8" type="stmt"/>
        <line num="16" count="8" type="cond" truecount="2" falsecount="0"/>
        <line num="17" count="7" type="cond" truecount="2" falsecount="0"/>
        <line num="18" count="7" type="stmt"/>
        <line num="20" count="1" type="stmt"/>
        <line num="23" count="24" type="stmt"/>
        <line num="24" count="4" type="stmt"/>
        <line num="25" count="4" type="stmt"/>
        <line num="26" count="4" type="stmt"/>
        <line num="27" count="4" type="stmt"/>
        <line num="32" count="3" type="stmt"/>
        <line num="33" count="3" type="cond" truecount="4" falsecount="0"/>
        <line num="34" count="1" type="stmt"/>
        <line num="36" count="2" type="cond" truecount="2" falsecount="0"/>
        <line num="39" count="1" type="stmt"/>
        <line num="43" count="24" type="stmt"/>
        <line num="51" count="1" type="stmt"/>
        <line num="53" count="0" type="stmt"/>
      </file>
    </package>
    <package name="app.historico">
      <metrics statements="10" coveredstatements="10" conditionals="14" coveredconditionals="11" methods="6" coveredmethods="6"/>
      <file name="page.tsx" path="/home/jistriane/Documentos/StreamPay AI/StreamPay-AI/frontend/app/historico/page.tsx">
        <metrics statements="10" coveredstatements="10" conditionals="14" coveredconditionals="11" methods="6" coveredmethods="6"/>
        <line num="7" count="12" type="stmt"/>
        <line num="8" count="11" type="stmt"/>
        <line num="10" count="11" type="stmt"/>
        <line num="11" count="6" type="stmt"/>
        <line num="12" count="5" type="stmt"/>
        <line num="14" count="5" type="cond" truecount="1" falsecount="1"/>
        <line num="15" count="4" type="stmt"/>
        <line num="17" count="2" type="stmt"/>
        <line num="20" count="11" type="stmt"/>
        <line num="29" count="1" type="stmt"/>
      </file>
    </package>
    <package name="app.login">
      <metrics statements="21" coveredstatements="20" conditionals="9" coveredconditionals="8" methods="5" coveredmethods="4"/>
      <file name="page.tsx" path="/home/jistriane/Documentos/StreamPay AI/StreamPay-AI/frontend/app/login/page.tsx">
        <metrics statements="21" coveredstatements="20" conditionals="9" coveredconditionals="8" methods="5" coveredmethods="4"/>
        <line num="8" count="23" type="stmt"/>
        <line num="9" count="23" type="stmt"/>
        <line num="10" count="23" type="stmt"/>
        <line num="11" count="23" type="stmt"/>
        <line num="13" count="23" type="stmt"/>
        <line num="14" count="4" type="stmt"/>
        <line num="15" count="4" type="stmt"/>
        <line num="16" count="4" type="stmt"/>
        <line num="18" count="4" type="stmt"/>
        <line num="19" count="4" type="stmt"/>
        <line num="25" count="2" type="stmt"/>
        <line num="27" count="2" type="cond" truecount="5" falsecount="0"/>
        <line num="28" count="1" type="stmt"/>
        <line num="30" count="1" type="stmt"/>
        <line num="31" count="0" type="stmt"/>
        <line num="34" count="1" type="cond" truecount="1" falsecount="1"/>
        <line num="37" count="1" type="stmt"/>
        <line num="39" count="3" type="stmt"/>
        <line num="43" count="23" type="stmt"/>
        <line num="62" count="4" type="stmt"/>
        <line num="72" count="4" type="stmt"/>
      </file>
    </package>
    <package name="app.monitoramento">
      <metrics statements="10" coveredstatements="9" conditionals="12" coveredconditionals="7" methods="6" coveredmethods="5"/>
      <file name="page.tsx" path="/home/jistriane/Documentos/StreamPay AI/StreamPay-AI/frontend/app/monitoramento/page.tsx">
        <metrics statements="10" coveredstatements="9" conditionals="12" coveredconditionals="7" methods="6" coveredmethods="5"/>
        <line num="6" count="6" type="stmt"/>
        <line num="7" count="5" type="stmt"/>
        <line num="9" count="5" type="stmt"/>
        <line num="10" count="3" type="stmt"/>
        <line num="11" count="2" type="stmt"/>
        <line num="13" count="2" type="stmt"/>
        <line num="14" count="2" type="stmt"/>
        <line num="16" count="1" type="stmt"/>
        <line num="19" count="5" type="stmt"/>
        <line num="27" count="0" type="stmt"/>
      </file>
    </package>
    <package name="app.notificacoes">
      <metrics statements="10" coveredstatements="9" conditionals="10" coveredconditionals="9" methods="6" coveredmethods="5"/>
      <file name="page.tsx" path="/home/jistriane/Documentos/StreamPay AI/StreamPay-AI/frontend/app/notificacoes/page.tsx">
        <metrics statements="10" coveredstatements="9" conditionals="10" coveredconditionals="9" methods="6" coveredmethods="5"/>
        <line num="5" count="5" type="stmt"/>
        <line num="6" count="5" type="stmt"/>
        <line num="8" count="5" type="stmt"/>
        <line num="9" count="3" type="stmt"/>
        <line num="10" count="2" type="stmt"/>
        <line num="12" count="2" type="cond" truecount="1" falsecount="1"/>
        <line num="13" count="2" type="stmt"/>
        <line num="15" count="0" type="stmt"/>
        <line num="18" count="5" type="stmt"/>
        <line num="27" count="2" type="stmt"/>
      </file>
    </package>
    <package name="app.stream.[id]">
      <metrics statements="12" coveredstatements="11" conditionals="14" coveredconditionals="13" methods="5" coveredmethods="4"/>
      <file name="page.tsx" path="/home/jistriane/Documentos/StreamPay AI/StreamPay-AI/frontend/app/stream/[id]/page.tsx">
        <metrics statements="12" coveredstatements="11" conditionals="14" coveredconditionals="13" methods="5" coveredmethods="4"/>
        <line num="6" count="8" type="stmt"/>
        <line num="7" count="8" type="stmt"/>
        <line num="8" count="8" type="stmt"/>
        <line num="9" count="8" type="stmt"/>
        <line num="11" count="8" type="stmt"/>
        <line num="12" count="5" type="cond" truecount="1" falsecount="1"/>
        <line num="13" count="5" type="stmt"/>
        <line num="14" count="3" type="stmt"/>
        <line num="16" count="3" type="stmt"/>
        <line num="17" count="3" type="stmt"/>
        <line num="19" count="0" type="stmt"/>
        <line num="22" count="8" type="stmt"/>
      </file>
    </package>
  </project>
</coverage>
