{"/home/jistriane/Documentos/StreamPay AI/StreamPay-AI/frontend/app/page.tsx": {"path":"/home/jistriane/Documentos/StreamPay AI/StreamPay-AI/frontend/app/page.tsx","statementMap":{"0":{"start":{"line":6,"column":36},"end":{"line":6,"column":51}},"1":{"start":{"line":8,"column":2},"end":{"line":10,"column":9}},"2":{"start":{"line":9,"column":4},"end":{"line":9,"column":23}},"3":{"start":{"line":12,"column":2},"end":{"line":14,"column":3}},"4":{"start":{"line":13,"column":4},"end":{"line":13,"column":44}},"5":{"start":{"line":16,"column":2},"end":{"line":20,"column":4}}},"fnMap":{"0":{"name":"StreamPayDashboard","decl":{"start":{"line":5,"column":24},"end":{"line":5,"column":42}},"loc":{"start":{"line":5,"column":45},"end":{"line":21,"column":1}},"line":5},"1":{"name":"(anonymous_1)","decl":{"start":{"line":8,"column":12},"end":{"line":8,"column":13}},"loc":{"start":{"line":8,"column":18},"end":{"line":10,"column":3}},"line":8}},"branchMap":{"0":{"loc":{"start":{"line":12,"column":2},"end":{"line":14,"column":3}},"type":"if","locations":[{"start":{"line":12,"column":2},"end":{"line":14,"column":3}},{"start":{},"end":{}}],"line":12}},"s":{"0":22,"1":22,"2":11,"3":22,"4":11,"5":11},"f":{"0":22,"1":11},"b":{"0":[11,11]},"_coverageSchema":"1a1c01bbd47fc00a2c39e90264f33305004495a9","hash":"46a097a66f179f3d765a6778dceda80ba557b8cd"}
,"/home/jistriane/Documentos/StreamPay AI/StreamPay-AI/frontend/app/cadastro/page.tsx": {"path":"/home/jistriane/Documentos/StreamPay AI/StreamPay-AI/frontend/app/cadastro/page.tsx","statementMap":{"0":{"start":{"line":8,"column":26},"end":{"line":8,"column":38}},"1":{"start":{"line":9,"column":28},"end":{"line":9,"column":40}},"2":{"start":{"line":10,"column":34},"end":{"line":10,"column":46}},"3":{"start":{"line":11,"column":30},"end":{"line":11,"column":59}},"4":{"start":{"line":12,"column":32},"end":{"line":12,"column":47}},"5":{"start":{"line":14,"column":25},"end":{"line":41,"column":3}},"6":{"start":{"line":15,"column":4},"end":{"line":15,"column":23}},"7":{"start":{"line":16,"column":4},"end":{"line":16,"column":21}},"8":{"start":{"line":17,"column":4},"end":{"line":17,"column":34}},"9":{"start":{"line":19,"column":4},"end":{"line":40,"column":5}},"10":{"start":{"line":20,"column":18},"end":{"line":24,"column":8}},"11":{"start":{"line":26,"column":19},"end":{"line":26,"column":35}},"12":{"start":{"line":28,"column":6},"end":{"line":35,"column":7}},"13":{"start":{"line":29,"column":8},"end":{"line":29,"column":89}},"14":{"start":{"line":30,"column":8},"end":{"line":32,"column":17}},"15":{"start":{"line":31,"column":10},"end":{"line":31,"column":42}},"16":{"start":{"line":34,"column":8},"end":{"line":34,"column":100}},"17":{"start":{"line":37,"column":6},"end":{"line":37,"column":42}},"18":{"start":{"line":39,"column":6},"end":{"line":39,"column":24}},"19":{"start":{"line":43,"column":2},"end":{"line":129,"column":4}},"20":{"start":{"line":62,"column":29},"end":{"line":62,"column":52}},"21":{"start":{"line":72,"column":29},"end":{"line":72,"column":53}},"22":{"start":{"line":82,"column":29},"end":{"line":82,"column":56}}},"fnMap":{"0":{"name":"CadastroPage","decl":{"start":{"line":7,"column":24},"end":{"line":7,"column":36}},"loc":{"start":{"line":7,"column":39},"end":{"line":130,"column":1}},"line":7},"1":{"name":"(anonymous_1)","decl":{"start":{"line":14,"column":25},"end":{"line":14,"column":26}},"loc":{"start":{"line":14,"column":55},"end":{"line":41,"column":3}},"line":14},"2":{"name":"(anonymous_2)","decl":{"start":{"line":30,"column":19},"end":{"line":30,"column":20}},"loc":{"start":{"line":30,"column":25},"end":{"line":32,"column":9}},"line":30},"3":{"name":"(anonymous_3)","decl":{"start":{"line":62,"column":22},"end":{"line":62,"column":23}},"loc":{"start":{"line":62,"column":29},"end":{"line":62,"column":52}},"line":62},"4":{"name":"(anonymous_4)","decl":{"start":{"line":72,"column":22},"end":{"line":72,"column":23}},"loc":{"start":{"line":72,"column":29},"end":{"line":72,"column":53}},"line":72},"5":{"name":"(anonymous_5)","decl":{"start":{"line":82,"column":22},"end":{"line":82,"column":23}},"loc":{"start":{"line":82,"column":29},"end":{"line":82,"column":56}},"line":82}},"branchMap":{"0":{"loc":{"start":{"line":28,"column":6},"end":{"line":35,"column":7}},"type":"if","locations":[{"start":{"line":28,"column":6},"end":{"line":35,"column":7}},{"start":{"line":33,"column":13},"end":{"line":35,"column":7}}],"line":28},"1":{"loc":{"start":{"line":34,"column":29},"end":{"line":34,"column":62}},"type":"binary-expr","locations":[{"start":{"line":34,"column":29},"end":{"line":34,"column":39}},{"start":{"line":34,"column":43},"end":{"line":34,"column":62}}],"line":34},"2":{"loc":{"start":{"line":100,"column":9},"end":{"line":113,"column":9}},"type":"binary-expr","locations":[{"start":{"line":100,"column":9},"end":{"line":100,"column":15}},{"start":{"line":101,"column":10},"end":{"line":112,"column":17}}],"line":100}},"s":{"0":28,"1":28,"2":28,"3":28,"4":28,"5":28,"6":4,"7":4,"8":4,"9":4,"10":4,"11":3,"12":3,"13":2,"14":2,"15":0,"16":1,"17":1,"18":4,"19":28,"20":4,"21":4,"22":4},"f":{"0":28,"1":4,"2":0,"3":4,"4":4,"5":4},"b":{"0":[2,1],"1":[1,0],"2":[28,8]},"_coverageSchema":"1a1c01bbd47fc00a2c39e90264f33305004495a9","hash":"5685c4f8fec5af56092b76ab7e1503a1a8839f99"}
,"/home/jistriane/Documentos/StreamPay AI/StreamPay-AI/frontend/app/compliance/page.tsx": {"path":"/home/jistriane/Documentos/StreamPay AI/StreamPay-AI/frontend/app/compliance/page.tsx","statementMap":{"0":{"start":{"line":6,"column":24},"end":{"line":6,"column":43}},"1":{"start":{"line":7,"column":32},"end":{"line":7,"column":46}},"2":{"start":{"line":9,"column":2},"end":{"line":17,"column":9}},"3":{"start":{"line":10,"column":4},"end":{"line":16,"column":38}},"4":{"start":{"line":11,"column":19},"end":{"line":11,"column":29}},"5":{"start":{"line":13,"column":8},"end":{"line":13,"column":21}},"6":{"start":{"line":14,"column":8},"end":{"line":14,"column":26}},"7":{"start":{"line":16,"column":19},"end":{"line":16,"column":36}},"8":{"start":{"line":19,"column":2},"end":{"line":34,"column":4}}},"fnMap":{"0":{"name":"CompliancePage","decl":{"start":{"line":5,"column":24},"end":{"line":5,"column":38}},"loc":{"start":{"line":5,"column":41},"end":{"line":35,"column":1}},"line":5},"1":{"name":"(anonymous_1)","decl":{"start":{"line":9,"column":12},"end":{"line":9,"column":13}},"loc":{"start":{"line":9,"column":18},"end":{"line":17,"column":3}},"line":9},"2":{"name":"(anonymous_2)","decl":{"start":{"line":11,"column":12},"end":{"line":11,"column":13}},"loc":{"start":{"line":11,"column":19},"end":{"line":11,"column":29}},"line":11},"3":{"name":"(anonymous_3)","decl":{"start":{"line":12,"column":12},"end":{"line":12,"column":13}},"loc":{"start":{"line":12,"column":20},"end":{"line":15,"column":7}},"line":12},"4":{"name":"(anonymous_4)","decl":{"start":{"line":16,"column":13},"end":{"line":16,"column":14}},"loc":{"start":{"line":16,"column":19},"end":{"line":16,"column":36}},"line":16}},"branchMap":{"0":{"loc":{"start":{"line":23,"column":9},"end":{"line":23,"column":94}},"type":"binary-expr","locations":[{"start":{"line":23,"column":9},"end":{"line":23,"column":16}},{"start":{"line":23,"column":20},"end":{"line":23,"column":94}}],"line":23},"1":{"loc":{"start":{"line":24,"column":9},"end":{"line":30,"column":9}},"type":"binary-expr","locations":[{"start":{"line":24,"column":9},"end":{"line":24,"column":17}},{"start":{"line":24,"column":21},"end":{"line":24,"column":24}},{"start":{"line":25,"column":10},"end":{"line":29,"column":16}}],"line":24},"2":{"loc":{"start":{"line":26,"column":102},"end":{"line":26,"column":166}},"type":"cond-expr","locations":[{"start":{"line":26,"column":130},"end":{"line":26,"column":146}},{"start":{"line":26,"column":149},"end":{"line":26,"column":166}}],"line":26},"3":{"loc":{"start":{"line":27,"column":13},"end":{"line":27,"column":88}},"type":"binary-expr","locations":[{"start":{"line":27,"column":13},"end":{"line":27,"column":23}},{"start":{"line":27,"column":27},"end":{"line":27,"column":88}}],"line":27},"4":{"loc":{"start":{"line":28,"column":13},"end":{"line":28,"column":100}},"type":"binary-expr","locations":[{"start":{"line":28,"column":13},"end":{"line":28,"column":21}},{"start":{"line":28,"column":25},"end":{"line":28,"column":100}}],"line":28},"5":{"loc":{"start":{"line":31,"column":9},"end":{"line":31,"column":93}},"type":"binary-expr","locations":[{"start":{"line":31,"column":9},"end":{"line":31,"column":17}},{"start":{"line":31,"column":21},"end":{"line":31,"column":25}},{"start":{"line":31,"column":29},"end":{"line":31,"column":93}}],"line":31}},"s":{"0":14,"1":13,"2":13,"3":7,"4":6,"5":6,"6":6,"7":1,"8":13},"f":{"0":14,"1":7,"2":6,"3":6,"4":1},"b":{"0":[13,7],"1":[13,6,3],"2":[2,1],"3":[3,1],"4":[3,3],"5":[13,6,3]},"_coverageSchema":"1a1c01bbd47fc00a2c39e90264f33305004495a9","hash":"dceca1d635ff637f3dbbd33e0bf9a9ef47217fe8"}
,"/home/jistriane/Documentos/StreamPay AI/StreamPay-AI/frontend/app/components/Button.tsx": {"path":"/home/jistriane/Documentos/StreamPay AI/StreamPay-AI/frontend/app/components/Button.tsx","statementMap":{"0":{"start":{"line":23,"column":25},"end":{"line":29,"column":3}},"1":{"start":{"line":31,"column":22},"end":{"line":35,"column":3}},"2":{"start":{"line":37,"column":2},"end":{"line":47,"column":4}}},"fnMap":{"0":{"name":"Button","decl":{"start":{"line":12,"column":24},"end":{"line":12,"column":30}},"loc":{"start":{"line":22,"column":16},"end":{"line":48,"column":1}},"line":22}},"branchMap":{"0":{"loc":{"start":{"line":14,"column":2},"end":{"line":14,"column":21}},"type":"default-arg","locations":[{"start":{"line":14,"column":12},"end":{"line":14,"column":21}}],"line":14},"1":{"loc":{"start":{"line":15,"column":2},"end":{"line":15,"column":13}},"type":"default-arg","locations":[{"start":{"line":15,"column":9},"end":{"line":15,"column":13}}],"line":15},"2":{"loc":{"start":{"line":16,"column":2},"end":{"line":16,"column":19}},"type":"default-arg","locations":[{"start":{"line":16,"column":14},"end":{"line":16,"column":19}}],"line":16},"3":{"loc":{"start":{"line":17,"column":2},"end":{"line":17,"column":17}},"type":"default-arg","locations":[{"start":{"line":17,"column":12},"end":{"line":17,"column":17}}],"line":17},"4":{"loc":{"start":{"line":19,"column":2},"end":{"line":19,"column":16}},"type":"default-arg","locations":[{"start":{"line":19,"column":14},"end":{"line":19,"column":16}}],"line":19},"5":{"loc":{"start":{"line":39,"column":72},"end":{"line":39,"column":99}},"type":"cond-expr","locations":[{"start":{"line":39,"column":84},"end":{"line":39,"column":94}},{"start":{"line":39,"column":97},"end":{"line":39,"column":99}}],"line":39},"6":{"loc":{"start":{"line":39,"column":103},"end":{"line":39,"column":131}},"type":"cond-expr","locations":[{"start":{"line":39,"column":113},"end":{"line":39,"column":126}},{"start":{"line":39,"column":129},"end":{"line":39,"column":131}}],"line":39},"7":{"loc":{"start":{"line":40,"column":16},"end":{"line":40,"column":35}},"type":"binary-expr","locations":[{"start":{"line":40,"column":16},"end":{"line":40,"column":24}},{"start":{"line":40,"column":28},"end":{"line":40,"column":35}}],"line":40},"8":{"loc":{"start":{"line":43,"column":7},"end":{"line":43,"column":55}},"type":"binary-expr","locations":[{"start":{"line":43,"column":7},"end":{"line":43,"column":14}},{"start":{"line":43,"column":18},"end":{"line":43,"column":55}}],"line":43},"9":{"loc":{"start":{"line":44,"column":7},"end":{"line":44,"column":67}},"type":"binary-expr","locations":[{"start":{"line":44,"column":7},"end":{"line":44,"column":11}},{"start":{"line":44,"column":15},"end":{"line":44,"column":23}},{"start":{"line":44,"column":27},"end":{"line":44,"column":67}}],"line":44}},"s":{"0":51,"1":51,"2":51},"f":{"0":51},"b":{"0":[0],"1":[0],"2":[0],"3":[0],"4":[0],"5":[51,0],"6":[8,43],"7":[51,51],"8":[51,8],"9":[51,0,0]},"_coverageSchema":"1a1c01bbd47fc00a2c39e90264f33305004495a9","hash":"bb817f7cee4fc5b165ea835dc62788b5381d25c0"}
,"/home/jistriane/Documentos/StreamPay AI/StreamPay-AI/frontend/app/components/Card.tsx": {"path":"/home/jistriane/Documentos/StreamPay AI/StreamPay-AI/frontend/app/components/Card.tsx","statementMap":{"0":{"start":{"line":19,"column":25},"end":{"line":23,"column":3}},"1":{"start":{"line":25,"column":25},"end":{"line":30,"column":3}},"2":{"start":{"line":32,"column":2},"end":{"line":38,"column":4}}},"fnMap":{"0":{"name":"Card","decl":{"start":{"line":12,"column":24},"end":{"line":12,"column":28}},"loc":{"start":{"line":18,"column":14},"end":{"line":39,"column":1}},"line":18}},"branchMap":{"0":{"loc":{"start":{"line":14,"column":2},"end":{"line":14,"column":16}},"type":"default-arg","locations":[{"start":{"line":14,"column":14},"end":{"line":14,"column":16}}],"line":14},"1":{"loc":{"start":{"line":15,"column":2},"end":{"line":15,"column":21}},"type":"default-arg","locations":[{"start":{"line":15,"column":12},"end":{"line":15,"column":21}}],"line":15},"2":{"loc":{"start":{"line":16,"column":2},"end":{"line":16,"column":15}},"type":"default-arg","locations":[{"start":{"line":16,"column":10},"end":{"line":16,"column":15}}],"line":16},"3":{"loc":{"start":{"line":17,"column":2},"end":{"line":17,"column":16}},"type":"default-arg","locations":[{"start":{"line":17,"column":12},"end":{"line":17,"column":16}}],"line":17},"4":{"loc":{"start":{"line":34,"column":79},"end":{"line":34,"column":104}},"type":"cond-expr","locations":[{"start":{"line":34,"column":87},"end":{"line":34,"column":99}},{"start":{"line":34,"column":102},"end":{"line":34,"column":104}}],"line":34}},"s":{"0":66,"1":66,"2":66},"f":{"0":66},"b":{"0":[0],"1":[0],"2":[66],"3":[0],"4":[0,66]},"_coverageSchema":"1a1c01bbd47fc00a2c39e90264f33305004495a9","hash":"0bbbc77c177a15f34b3a54e865076bf8f52c3533"}
,"/home/jistriane/Documentos/StreamPay AI/StreamPay-AI/frontend/app/components/Chat.tsx": {"path":"/home/jistriane/Documentos/StreamPay AI/StreamPay-AI/frontend/app/components/Chat.tsx","statementMap":{"0":{"start":{"line":13,"column":35},"end":{"line":13,"column":47}},"1":{"start":{"line":14,"column":34},"end":{"line":21,"column":4}},"2":{"start":{"line":22,"column":28},"end":{"line":22,"column":40}},"3":{"start":{"line":23,"column":32},"end":{"line":23,"column":47}},"4":{"start":{"line":24,"column":25},"end":{"line":24,"column":53}},"5":{"start":{"line":25,"column":19},"end":{"line":25,"column":52}},"6":{"start":{"line":27,"column":25},"end":{"line":29,"column":3}},"7":{"start":{"line":28,"column":4},"end":{"line":28,"column":67}},"8":{"start":{"line":31,"column":2},"end":{"line":33,"column":17}},"9":{"start":{"line":32,"column":4},"end":{"line":32,"column":21}},"10":{"start":{"line":35,"column":21},"end":{"line":110,"column":3}},"11":{"start":{"line":36,"column":4},"end":{"line":36,"column":41}},"12":{"start":{"line":36,"column":34},"end":{"line":36,"column":41}},"13":{"start":{"line":38,"column":33},"end":{"line":43,"column":5}},"14":{"start":{"line":45,"column":4},"end":{"line":45,"column":50}},"15":{"start":{"line":45,"column":26},"end":{"line":45,"column":48}},"16":{"start":{"line":46,"column":4},"end":{"line":46,"column":17}},"17":{"start":{"line":47,"column":4},"end":{"line":47,"column":21}},"18":{"start":{"line":49,"column":4},"end":{"line":109,"column":5}},"19":{"start":{"line":50,"column":23},"end":{"line":60,"column":8}},"20":{"start":{"line":62,"column":19},"end":{"line":62,"column":40}},"21":{"start":{"line":65,"column":6},"end":{"line":97,"column":7}},"22":{"start":{"line":66,"column":29},"end":{"line":66,"column":55}},"23":{"start":{"line":67,"column":43},"end":{"line":72,"column":9}},"24":{"start":{"line":73,"column":8},"end":{"line":73,"column":60}},"25":{"start":{"line":73,"column":30},"end":{"line":73,"column":58}},"26":{"start":{"line":76,"column":8},"end":{"line":76,"column":64}},"27":{"start":{"line":76,"column":37},"end":{"line":76,"column":62}},"28":{"start":{"line":79,"column":8},"end":{"line":88,"column":11}},"29":{"start":{"line":80,"column":27},"end":{"line":80,"column":70}},"30":{"start":{"line":80,"column":46},"end":{"line":80,"column":69}},"31":{"start":{"line":81,"column":44},"end":{"line":86,"column":11}},"32":{"start":{"line":87,"column":10},"end":{"line":87,"column":49}},"33":{"start":{"line":90,"column":42},"end":{"line":95,"column":9}},"34":{"start":{"line":96,"column":8},"end":{"line":96,"column":59}},"35":{"start":{"line":96,"column":30},"end":{"line":96,"column":57}},"36":{"start":{"line":99,"column":36},"end":{"line":104,"column":7}},"37":{"start":{"line":105,"column":6},"end":{"line":105,"column":53}},"38":{"start":{"line":105,"column":28},"end":{"line":105,"column":51}},"39":{"start":{"line":107,"column":6},"end":{"line":107,"column":24}},"40":{"start":{"line":108,"column":6},"end":{"line":108,"column":32}},"41":{"start":{"line":112,"column":25},"end":{"line":117,"column":3}},"42":{"start":{"line":113,"column":4},"end":{"line":116,"column":5}},"43":{"start":{"line":114,"column":6},"end":{"line":114,"column":25}},"44":{"start":{"line":115,"column":6},"end":{"line":115,"column":19}},"45":{"start":{"line":119,"column":2},"end":{"line":188,"column":4}},"46":{"start":{"line":123,"column":10},"end":{"line":133,"column":16}},"47":{"start":{"line":160,"column":29},"end":{"line":160,"column":53}}},"fnMap":{"0":{"name":"Chat","decl":{"start":{"line":12,"column":24},"end":{"line":12,"column":28}},"loc":{"start":{"line":12,"column":31},"end":{"line":189,"column":1}},"line":12},"1":{"name":"(anonymous_1)","decl":{"start":{"line":27,"column":25},"end":{"line":27,"column":26}},"loc":{"start":{"line":27,"column":31},"end":{"line":29,"column":3}},"line":27},"2":{"name":"(anonymous_2)","decl":{"start":{"line":31,"column":12},"end":{"line":31,"column":13}},"loc":{"start":{"line":31,"column":18},"end":{"line":33,"column":3}},"line":31},"3":{"name":"(anonymous_3)","decl":{"start":{"line":35,"column":21},"end":{"line":35,"column":22}},"loc":{"start":{"line":35,"column":33},"end":{"line":110,"column":3}},"line":35},"4":{"name":"(anonymous_4)","decl":{"start":{"line":45,"column":16},"end":{"line":45,"column":17}},"loc":{"start":{"line":45,"column":26},"end":{"line":45,"column":48}},"line":45},"5":{"name":"(anonymous_5)","decl":{"start":{"line":73,"column":20},"end":{"line":73,"column":21}},"loc":{"start":{"line":73,"column":30},"end":{"line":73,"column":58}},"line":73},"6":{"name":"(anonymous_6)","decl":{"start":{"line":76,"column":26},"end":{"line":76,"column":27}},"loc":{"start":{"line":76,"column":37},"end":{"line":76,"column":62}},"line":76},"7":{"name":"(anonymous_7)","decl":{"start":{"line":79,"column":20},"end":{"line":79,"column":21}},"loc":{"start":{"line":79,"column":30},"end":{"line":88,"column":9}},"line":79},"8":{"name":"(anonymous_8)","decl":{"start":{"line":80,"column":39},"end":{"line":80,"column":40}},"loc":{"start":{"line":80,"column":46},"end":{"line":80,"column":69}},"line":80},"9":{"name":"(anonymous_9)","decl":{"start":{"line":96,"column":20},"end":{"line":96,"column":21}},"loc":{"start":{"line":96,"column":30},"end":{"line":96,"column":57}},"line":96},"10":{"name":"(anonymous_10)","decl":{"start":{"line":105,"column":18},"end":{"line":105,"column":19}},"loc":{"start":{"line":105,"column":28},"end":{"line":105,"column":51}},"line":105},"11":{"name":"(anonymous_11)","decl":{"start":{"line":112,"column":25},"end":{"line":112,"column":26}},"loc":{"start":{"line":112,"column":74},"end":{"line":117,"column":3}},"line":112},"12":{"name":"(anonymous_12)","decl":{"start":{"line":122,"column":22},"end":{"line":122,"column":23}},"loc":{"start":{"line":123,"column":10},"end":{"line":133,"column":16}},"line":123},"13":{"name":"(anonymous_13)","decl":{"start":{"line":160,"column":22},"end":{"line":160,"column":23}},"loc":{"start":{"line":160,"column":29},"end":{"line":160,"column":53}},"line":160}},"branchMap":{"0":{"loc":{"start":{"line":36,"column":4},"end":{"line":36,"column":41}},"type":"if","locations":[{"start":{"line":36,"column":4},"end":{"line":36,"column":41}},{"start":{},"end":{}}],"line":36},"1":{"loc":{"start":{"line":36,"column":8},"end":{"line":36,"column":32}},"type":"binary-expr","locations":[{"start":{"line":36,"column":8},"end":{"line":36,"column":21}},{"start":{"line":36,"column":25},"end":{"line":36,"column":32}}],"line":36},"2":{"loc":{"start":{"line":54,"column":14},"end":{"line":54,"column":79}},"type":"cond-expr","locations":[{"start":{"line":54,"column":39},"end":{"line":54,"column":74}},{"start":{"line":54,"column":77},"end":{"line":54,"column":79}}],"line":54},"3":{"loc":{"start":{"line":54,"column":14},"end":{"line":54,"column":36}},"type":"binary-expr","locations":[{"start":{"line":54,"column":14},"end":{"line":54,"column":25}},{"start":{"line":54,"column":29},"end":{"line":54,"column":36}}],"line":54},"4":{"loc":{"start":{"line":58,"column":23},"end":{"line":58,"column":43}},"type":"binary-expr","locations":[{"start":{"line":58,"column":23},"end":{"line":58,"column":30}},{"start":{"line":58,"column":34},"end":{"line":58,"column":43}}],"line":58},"5":{"loc":{"start":{"line":65,"column":6},"end":{"line":97,"column":7}},"type":"if","locations":[{"start":{"line":65,"column":6},"end":{"line":97,"column":7}},{"start":{"line":89,"column":13},"end":{"line":97,"column":7}}],"line":65},"6":{"loc":{"start":{"line":84,"column":21},"end":{"line":84,"column":103}},"type":"binary-expr","locations":[{"start":{"line":84,"column":21},"end":{"line":84,"column":34}},{"start":{"line":84,"column":38},"end":{"line":84,"column":50}},{"start":{"line":84,"column":54},"end":{"line":84,"column":64}},{"start":{"line":84,"column":68},"end":{"line":84,"column":103}}],"line":84},"7":{"loc":{"start":{"line":93,"column":19},"end":{"line":93,"column":114}},"type":"binary-expr","locations":[{"start":{"line":93,"column":19},"end":{"line":93,"column":32}},{"start":{"line":93,"column":36},"end":{"line":93,"column":48}},{"start":{"line":93,"column":52},"end":{"line":93,"column":62}},{"start":{"line":93,"column":66},"end":{"line":93,"column":114}}],"line":93},"8":{"loc":{"start":{"line":102,"column":26},"end":{"line":102,"column":78}},"type":"binary-expr","locations":[{"start":{"line":102,"column":26},"end":{"line":102,"column":39}},{"start":{"line":102,"column":43},"end":{"line":102,"column":78}}],"line":102},"9":{"loc":{"start":{"line":113,"column":4},"end":{"line":116,"column":5}},"type":"if","locations":[{"start":{"line":113,"column":4},"end":{"line":116,"column":5}},{"start":{},"end":{}}],"line":113},"10":{"loc":{"start":{"line":113,"column":8},"end":{"line":113,"column":40}},"type":"binary-expr","locations":[{"start":{"line":113,"column":8},"end":{"line":113,"column":25}},{"start":{"line":113,"column":29},"end":{"line":113,"column":40}}],"line":113},"11":{"loc":{"start":{"line":125,"column":39},"end":{"line":125,"column":101}},"type":"cond-expr","locations":[{"start":{"line":125,"column":65},"end":{"line":125,"column":79}},{"start":{"line":125,"column":82},"end":{"line":125,"column":101}}],"line":125},"12":{"loc":{"start":{"line":129,"column":17},"end":{"line":129,"column":66}},"type":"cond-expr","locations":[{"start":{"line":129,"column":43},"end":{"line":129,"column":49}},{"start":{"line":129,"column":52},"end":{"line":129,"column":66}}],"line":129},"13":{"loc":{"start":{"line":135,"column":9},"end":{"line":146,"column":9}},"type":"binary-expr","locations":[{"start":{"line":135,"column":9},"end":{"line":135,"column":16}},{"start":{"line":136,"column":10},"end":{"line":145,"column":16}}],"line":135},"14":{"loc":{"start":{"line":151,"column":9},"end":{"line":155,"column":9}},"type":"binary-expr","locations":[{"start":{"line":151,"column":9},"end":{"line":151,"column":21}},{"start":{"line":152,"column":10},"end":{"line":154,"column":16}}],"line":151},"15":{"loc":{"start":{"line":170,"column":23},"end":{"line":170,"column":47}},"type":"binary-expr","locations":[{"start":{"line":170,"column":23},"end":{"line":170,"column":36}},{"start":{"line":170,"column":40},"end":{"line":170,"column":47}}],"line":170}},"s":{"0":22,"1":22,"2":22,"3":22,"4":22,"5":22,"6":22,"7":18,"8":22,"9":18,"10":22,"11":4,"12":0,"13":4,"14":4,"15":4,"16":4,"17":4,"18":4,"19":4,"20":2,"21":0,"22":0,"23":0,"24":0,"25":0,"26":0,"27":0,"28":0,"29":0,"30":0,"31":0,"32":0,"33":0,"34":0,"35":0,"36":3,"37":3,"38":3,"39":3,"40":3,"41":22,"42":0,"43":0,"44":0,"45":22,"46":32,"47":4},"f":{"0":22,"1":18,"2":18,"3":4,"4":4,"5":0,"6":0,"7":0,"8":0,"9":0,"10":3,"11":0,"12":32,"13":4},"b":{"0":[0,4],"1":[4,4],"2":[2,2],"3":[4,2],"4":[4,2],"5":[0,0],"6":[0,0,0,0],"7":[0,0,0,0],"8":[3,0],"9":[0,0],"10":[0,0],"11":[7,25],"12":[7,25],"13":[22,4],"14":[22,9],"15":[22,4]},"_coverageSchema":"1a1c01bbd47fc00a2c39e90264f33305004495a9","hash":"07d3e02ee0112555ffda816dcb4b90da0667469c"}
,"/home/jistriane/Documentos/StreamPay AI/StreamPay-AI/frontend/app/components/Input.tsx": {"path":"/home/jistriane/Documentos/StreamPay AI/StreamPay-AI/frontend/app/components/Input.tsx","statementMap":{"0":{"start":{"line":22,"column":18},"end":{"line":22,"column":74}},"1":{"start":{"line":24,"column":2},"end":{"line":50,"column":4}}},"fnMap":{"0":{"name":"Input","decl":{"start":{"line":12,"column":24},"end":{"line":12,"column":29}},"loc":{"start":{"line":21,"column":15},"end":{"line":51,"column":1}},"line":21}},"branchMap":{"0":{"loc":{"start":{"line":16,"column":2},"end":{"line":16,"column":16}},"type":"default-arg","locations":[{"start":{"line":16,"column":14},"end":{"line":16,"column":16}}],"line":16},"1":{"loc":{"start":{"line":18,"column":2},"end":{"line":18,"column":14}},"type":"default-arg","locations":[{"start":{"line":18,"column":7},"end":{"line":18,"column":14}}],"line":18},"2":{"loc":{"start":{"line":19,"column":2},"end":{"line":19,"column":10}},"type":"default-arg","locations":[{"start":{"line":19,"column":9},"end":{"line":19,"column":10}}],"line":19},"3":{"loc":{"start":{"line":22,"column":18},"end":{"line":22,"column":74}},"type":"binary-expr","locations":[{"start":{"line":22,"column":18},"end":{"line":22,"column":20}},{"start":{"line":22,"column":24},"end":{"line":22,"column":74}}],"line":22},"4":{"loc":{"start":{"line":26,"column":7},"end":{"line":30,"column":7}},"type":"binary-expr","locations":[{"start":{"line":26,"column":7},"end":{"line":26,"column":12}},{"start":{"line":27,"column":8},"end":{"line":29,"column":16}}],"line":26},"5":{"loc":{"start":{"line":32,"column":9},"end":{"line":32,"column":59}},"type":"binary-expr","locations":[{"start":{"line":32,"column":9},"end":{"line":32,"column":13}},{"start":{"line":32,"column":17},"end":{"line":32,"column":59}}],"line":32},"6":{"loc":{"start":{"line":33,"column":9},"end":{"line":46,"column":9}},"type":"cond-expr","locations":[{"start":{"line":34,"column":10},"end":{"line":39,"column":12}},{"start":{"line":41,"column":10},"end":{"line":45,"column":12}}],"line":33},"7":{"loc":{"start":{"line":37,"column":38},"end":{"line":37,"column":67}},"type":"cond-expr","locations":[{"start":{"line":37,"column":45},"end":{"line":37,"column":62}},{"start":{"line":37,"column":65},"end":{"line":37,"column":67}}],"line":37},"8":{"loc":{"start":{"line":37,"column":71},"end":{"line":37,"column":97}},"type":"cond-expr","locations":[{"start":{"line":37,"column":79},"end":{"line":37,"column":92}},{"start":{"line":37,"column":95},"end":{"line":37,"column":97}}],"line":37},"9":{"loc":{"start":{"line":43,"column":38},"end":{"line":43,"column":67}},"type":"cond-expr","locations":[{"start":{"line":43,"column":45},"end":{"line":43,"column":62}},{"start":{"line":43,"column":65},"end":{"line":43,"column":67}}],"line":43},"10":{"loc":{"start":{"line":43,"column":71},"end":{"line":43,"column":97}},"type":"cond-expr","locations":[{"start":{"line":43,"column":79},"end":{"line":43,"column":92}},{"start":{"line":43,"column":95},"end":{"line":43,"column":97}}],"line":43},"11":{"loc":{"start":{"line":48,"column":7},"end":{"line":48,"column":68}},"type":"binary-expr","locations":[{"start":{"line":48,"column":7},"end":{"line":48,"column":12}},{"start":{"line":48,"column":16},"end":{"line":48,"column":68}}],"line":48}},"s":{"0":130,"1":130},"f":{"0":130},"b":{"0":[130],"1":[130],"2":[130],"3":[130,130],"4":[130,130],"5":[130,130],"6":[0,130],"7":[0,0],"8":[0,0],"9":[130,0],"10":[0,130],"11":[130,0]},"_coverageSchema":"1a1c01bbd47fc00a2c39e90264f33305004495a9","hash":"d7df58bb14d1a99b539126d63762f44c4f6ed112"}
,"/home/jistriane/Documentos/StreamPay AI/StreamPay-AI/frontend/app/configuracoes/page.tsx": {"path":"/home/jistriane/Documentos/StreamPay AI/StreamPay-AI/frontend/app/configuracoes/page.tsx","statementMap":{"0":{"start":{"line":5,"column":30},"end":{"line":5,"column":49}},"1":{"start":{"line":6,"column":32},"end":{"line":6,"column":46}},"2":{"start":{"line":7,"column":26},"end":{"line":7,"column":38}},"3":{"start":{"line":8,"column":28},"end":{"line":8,"column":40}},"4":{"start":{"line":9,"column":30},"end":{"line":9,"column":59}},"5":{"start":{"line":11,"column":2},"end":{"line":21,"column":9}},"6":{"start":{"line":12,"column":4},"end":{"line":20,"column":38}},"7":{"start":{"line":13,"column":19},"end":{"line":13,"column":29}},"8":{"start":{"line":15,"column":8},"end":{"line":15,"column":24}},"9":{"start":{"line":16,"column":8},"end":{"line":16,"column":33}},"10":{"start":{"line":17,"column":8},"end":{"line":17,"column":35}},"11":{"start":{"line":18,"column":8},"end":{"line":18,"column":26}},"12":{"start":{"line":20,"column":19},"end":{"line":20,"column":36}},"13":{"start":{"line":23,"column":23},"end":{"line":41,"column":3}},"14":{"start":{"line":24,"column":4},"end":{"line":24,"column":23}},"15":{"start":{"line":25,"column":4},"end":{"line":25,"column":29}},"16":{"start":{"line":26,"column":4},"end":{"line":40,"column":5}},"17":{"start":{"line":27,"column":18},"end":{"line":31,"column":8}},"18":{"start":{"line":32,"column":19},"end":{"line":32,"column":35}},"19":{"start":{"line":33,"column":6},"end":{"line":37,"column":7}},"20":{"start":{"line":34,"column":8},"end":{"line":34,"column":40}},"21":{"start":{"line":36,"column":8},"end":{"line":36,"column":74}},"22":{"start":{"line":39,"column":6},"end":{"line":39,"column":40}},"23":{"start":{"line":43,"column":2},"end":{"line":61,"column":4}},"24":{"start":{"line":51,"column":59},"end":{"line":51,"column":82}},"25":{"start":{"line":53,"column":61},"end":{"line":53,"column":85}}},"fnMap":{"0":{"name":"ConfiguracoesPage","decl":{"start":{"line":4,"column":24},"end":{"line":4,"column":41}},"loc":{"start":{"line":4,"column":44},"end":{"line":62,"column":1}},"line":4},"1":{"name":"(anonymous_1)","decl":{"start":{"line":11,"column":12},"end":{"line":11,"column":13}},"loc":{"start":{"line":11,"column":18},"end":{"line":21,"column":3}},"line":11},"2":{"name":"(anonymous_2)","decl":{"start":{"line":13,"column":12},"end":{"line":13,"column":13}},"loc":{"start":{"line":13,"column":19},"end":{"line":13,"column":29}},"line":13},"3":{"name":"(anonymous_3)","decl":{"start":{"line":14,"column":12},"end":{"line":14,"column":13}},"loc":{"start":{"line":14,"column":20},"end":{"line":19,"column":7}},"line":14},"4":{"name":"(anonymous_4)","decl":{"start":{"line":20,"column":13},"end":{"line":20,"column":14}},"loc":{"start":{"line":20,"column":19},"end":{"line":20,"column":36}},"line":20},"5":{"name":"(anonymous_5)","decl":{"start":{"line":23,"column":23},"end":{"line":23,"column":24}},"loc":{"start":{"line":23,"column":53},"end":{"line":41,"column":3}},"line":23},"6":{"name":"(anonymous_6)","decl":{"start":{"line":51,"column":54},"end":{"line":51,"column":55}},"loc":{"start":{"line":51,"column":59},"end":{"line":51,"column":82}},"line":51},"7":{"name":"(anonymous_7)","decl":{"start":{"line":53,"column":56},"end":{"line":53,"column":57}},"loc":{"start":{"line":53,"column":61},"end":{"line":53,"column":85}},"line":53}},"branchMap":{"0":{"loc":{"start":{"line":16,"column":16},"end":{"line":16,"column":31}},"type":"binary-expr","locations":[{"start":{"line":16,"column":16},"end":{"line":16,"column":25}},{"start":{"line":16,"column":29},"end":{"line":16,"column":31}}],"line":16},"1":{"loc":{"start":{"line":17,"column":17},"end":{"line":17,"column":33}},"type":"binary-expr","locations":[{"start":{"line":17,"column":17},"end":{"line":17,"column":27}},{"start":{"line":17,"column":31},"end":{"line":17,"column":33}}],"line":17},"2":{"loc":{"start":{"line":33,"column":6},"end":{"line":37,"column":7}},"type":"if","locations":[{"start":{"line":33,"column":6},"end":{"line":37,"column":7}},{"start":{"line":35,"column":13},"end":{"line":37,"column":7}}],"line":33},"3":{"loc":{"start":{"line":33,"column":10},"end":{"line":33,"column":32}},"type":"binary-expr","locations":[{"start":{"line":33,"column":10},"end":{"line":33,"column":16}},{"start":{"line":33,"column":20},"end":{"line":33,"column":32}}],"line":33},"4":{"loc":{"start":{"line":36,"column":30},"end":{"line":36,"column":71}},"type":"binary-expr","locations":[{"start":{"line":36,"column":30},"end":{"line":36,"column":40}},{"start":{"line":36,"column":44},"end":{"line":36,"column":71}}],"line":36},"5":{"loc":{"start":{"line":47,"column":9},"end":{"line":47,"column":73}},"type":"binary-expr","locations":[{"start":{"line":47,"column":9},"end":{"line":47,"column":16}},{"start":{"line":47,"column":20},"end":{"line":47,"column":73}}],"line":47},"6":{"loc":{"start":{"line":48,"column":9},"end":{"line":56,"column":9}},"type":"binary-expr","locations":[{"start":{"line":48,"column":9},"end":{"line":48,"column":17}},{"start":{"line":48,"column":21},"end":{"line":48,"column":27}},{"start":{"line":49,"column":10},"end":{"line":55,"column":17}}],"line":48},"7":{"loc":{"start":{"line":57,"column":9},"end":{"line":57,"column":69}},"type":"binary-expr","locations":[{"start":{"line":57,"column":9},"end":{"line":57,"column":15}},{"start":{"line":57,"column":19},"end":{"line":57,"column":69}}],"line":57},"8":{"loc":{"start":{"line":58,"column":9},"end":{"line":58,"column":100}},"type":"binary-expr","locations":[{"start":{"line":58,"column":9},"end":{"line":58,"column":17}},{"start":{"line":58,"column":21},"end":{"line":58,"column":28}},{"start":{"line":58,"column":32},"end":{"line":58,"column":100}}],"line":58}},"s":{"0":25,"1":24,"2":24,"3":24,"4":24,"5":24,"6":8,"7":8,"8":8,"9":8,"10":7,"11":7,"12":1,"13":24,"14":4,"15":4,"16":4,"17":4,"18":3,"19":3,"20":1,"21":2,"22":1,"23":24,"24":1,"25":0},"f":{"0":25,"1":8,"2":8,"3":8,"4":1,"5":4,"6":1,"7":0},"b":{"0":[8,3],"1":[7,3],"2":[1,2],"3":[3,1],"4":[2,1],"5":[24,8],"6":[24,16,15],"7":[24,8],"8":[24,16,1]},"_coverageSchema":"1a1c01bbd47fc00a2c39e90264f33305004495a9","hash":"dd5ff665fdeb29f4332913dfb18aef4deb800204"}
,"/home/jistriane/Documentos/StreamPay AI/StreamPay-AI/frontend/app/historico/page.tsx": {"path":"/home/jistriane/Documentos/StreamPay AI/StreamPay-AI/frontend/app/historico/page.tsx","statementMap":{"0":{"start":{"line":7,"column":36},"end":{"line":7,"column":55}},"1":{"start":{"line":8,"column":32},"end":{"line":8,"column":46}},"2":{"start":{"line":10,"column":2},"end":{"line":18,"column":9}},"3":{"start":{"line":11,"column":4},"end":{"line":17,"column":38}},"4":{"start":{"line":12,"column":19},"end":{"line":12,"column":29}},"5":{"start":{"line":14,"column":8},"end":{"line":14,"column":41}},"6":{"start":{"line":15,"column":8},"end":{"line":15,"column":26}},"7":{"start":{"line":17,"column":19},"end":{"line":17,"column":36}},"8":{"start":{"line":20,"column":2},"end":{"line":42,"column":4}},"9":{"start":{"line":29,"column":14},"end":{"line":36,"column":19}}},"fnMap":{"0":{"name":"HistoricoPage","decl":{"start":{"line":6,"column":24},"end":{"line":6,"column":37}},"loc":{"start":{"line":6,"column":40},"end":{"line":43,"column":1}},"line":6},"1":{"name":"(anonymous_1)","decl":{"start":{"line":10,"column":12},"end":{"line":10,"column":13}},"loc":{"start":{"line":10,"column":18},"end":{"line":18,"column":3}},"line":10},"2":{"name":"(anonymous_2)","decl":{"start":{"line":12,"column":12},"end":{"line":12,"column":13}},"loc":{"start":{"line":12,"column":19},"end":{"line":12,"column":29}},"line":12},"3":{"name":"(anonymous_3)","decl":{"start":{"line":13,"column":12},"end":{"line":13,"column":13}},"loc":{"start":{"line":13,"column":20},"end":{"line":16,"column":7}},"line":13},"4":{"name":"(anonymous_4)","decl":{"start":{"line":17,"column":13},"end":{"line":17,"column":14}},"loc":{"start":{"line":17,"column":19},"end":{"line":17,"column":36}},"line":17},"5":{"name":"(anonymous_5)","decl":{"start":{"line":28,"column":27},"end":{"line":28,"column":28}},"loc":{"start":{"line":29,"column":14},"end":{"line":36,"column":19}},"line":29}},"branchMap":{"0":{"loc":{"start":{"line":14,"column":21},"end":{"line":14,"column":39}},"type":"binary-expr","locations":[{"start":{"line":14,"column":21},"end":{"line":14,"column":33}},{"start":{"line":14,"column":37},"end":{"line":14,"column":39}}],"line":14},"1":{"loc":{"start":{"line":24,"column":9},"end":{"line":24,"column":90}},"type":"binary-expr","locations":[{"start":{"line":24,"column":9},"end":{"line":24,"column":16}},{"start":{"line":24,"column":20},"end":{"line":24,"column":90}}],"line":24},"2":{"loc":{"start":{"line":25,"column":9},"end":{"line":25,"column":116}},"type":"binary-expr","locations":[{"start":{"line":25,"column":9},"end":{"line":25,"column":17}},{"start":{"line":25,"column":21},"end":{"line":25,"column":43}},{"start":{"line":25,"column":47},"end":{"line":25,"column":116}}],"line":25},"3":{"loc":{"start":{"line":26,"column":9},"end":{"line":39,"column":9}},"type":"binary-expr","locations":[{"start":{"line":26,"column":9},"end":{"line":26,"column":17}},{"start":{"line":26,"column":21},"end":{"line":26,"column":41}},{"start":{"line":27,"column":10},"end":{"line":38,"column":15}}],"line":26},"4":{"loc":{"start":{"line":34,"column":63},"end":{"line":34,"column":112}},"type":"cond-expr","locations":[{"start":{"line":34,"column":79},"end":{"line":34,"column":95}},{"start":{"line":34,"column":98},"end":{"line":34,"column":112}}],"line":34},"5":{"loc":{"start":{"line":34,"column":115},"end":{"line":34,"column":153}},"type":"cond-expr","locations":[{"start":{"line":34,"column":131},"end":{"line":34,"column":138}},{"start":{"line":34,"column":141},"end":{"line":34,"column":153}}],"line":34}},"s":{"0":12,"1":11,"2":11,"3":6,"4":5,"5":5,"6":4,"7":2,"8":11,"9":1},"f":{"0":12,"1":6,"2":5,"3":5,"4":2,"5":1},"b":{"0":[5,0],"1":[11,6],"2":[11,5,4],"3":[11,5,1],"4":[0,1],"5":[0,1]},"_coverageSchema":"1a1c01bbd47fc00a2c39e90264f33305004495a9","hash":"5a7c5eef0b54d85197ea6683e9f9b5ccba85d89a"}
,"/home/jistriane/Documentos/StreamPay AI/StreamPay-AI/frontend/app/login/page.tsx": {"path":"/home/jistriane/Documentos/StreamPay AI/StreamPay-AI/frontend/app/login/page.tsx","statementMap":{"0":{"start":{"line":8,"column":28},"end":{"line":8,"column":40}},"1":{"start":{"line":9,"column":34},"end":{"line":9,"column":46}},"2":{"start":{"line":10,"column":30},"end":{"line":10,"column":59}},"3":{"start":{"line":11,"column":32},"end":{"line":11,"column":47}},"4":{"start":{"line":13,"column":22},"end":{"line":41,"column":3}},"5":{"start":{"line":14,"column":4},"end":{"line":14,"column":23}},"6":{"start":{"line":15,"column":4},"end":{"line":15,"column":21}},"7":{"start":{"line":16,"column":4},"end":{"line":16,"column":35}},"8":{"start":{"line":18,"column":4},"end":{"line":40,"column":5}},"9":{"start":{"line":19,"column":18},"end":{"line":23,"column":8}},"10":{"start":{"line":25,"column":19},"end":{"line":25,"column":35}},"11":{"start":{"line":27,"column":6},"end":{"line":35,"column":7}},"12":{"start":{"line":28,"column":8},"end":{"line":28,"column":52}},"13":{"start":{"line":30,"column":8},"end":{"line":32,"column":17}},"14":{"start":{"line":31,"column":10},"end":{"line":31,"column":37}},"15":{"start":{"line":34,"column":8},"end":{"line":34,"column":70}},"16":{"start":{"line":37,"column":6},"end":{"line":37,"column":42}},"17":{"start":{"line":39,"column":6},"end":{"line":39,"column":24}},"18":{"start":{"line":43,"column":2},"end":{"line":115,"column":4}},"19":{"start":{"line":62,"column":29},"end":{"line":62,"column":53}},"20":{"start":{"line":72,"column":29},"end":{"line":72,"column":56}}},"fnMap":{"0":{"name":"LoginPage","decl":{"start":{"line":7,"column":24},"end":{"line":7,"column":33}},"loc":{"start":{"line":7,"column":36},"end":{"line":116,"column":1}},"line":7},"1":{"name":"(anonymous_1)","decl":{"start":{"line":13,"column":22},"end":{"line":13,"column":23}},"loc":{"start":{"line":13,"column":52},"end":{"line":41,"column":3}},"line":13},"2":{"name":"(anonymous_2)","decl":{"start":{"line":30,"column":19},"end":{"line":30,"column":20}},"loc":{"start":{"line":30,"column":25},"end":{"line":32,"column":9}},"line":30},"3":{"name":"(anonymous_3)","decl":{"start":{"line":62,"column":22},"end":{"line":62,"column":23}},"loc":{"start":{"line":62,"column":29},"end":{"line":62,"column":53}},"line":62},"4":{"name":"(anonymous_4)","decl":{"start":{"line":72,"column":22},"end":{"line":72,"column":23}},"loc":{"start":{"line":72,"column":29},"end":{"line":72,"column":56}},"line":72}},"branchMap":{"0":{"loc":{"start":{"line":27,"column":6},"end":{"line":35,"column":7}},"type":"if","locations":[{"start":{"line":27,"column":6},"end":{"line":35,"column":7}},{"start":{"line":33,"column":13},"end":{"line":35,"column":7}}],"line":27},"1":{"loc":{"start":{"line":27,"column":10},"end":{"line":27,"column":48}},"type":"binary-expr","locations":[{"start":{"line":27,"column":10},"end":{"line":27,"column":16}},{"start":{"line":27,"column":21},"end":{"line":27,"column":33}},{"start":{"line":27,"column":37},"end":{"line":27,"column":47}}],"line":27},"2":{"loc":{"start":{"line":34,"column":29},"end":{"line":34,"column":66}},"type":"binary-expr","locations":[{"start":{"line":34,"column":29},"end":{"line":34,"column":39}},{"start":{"line":34,"column":43},"end":{"line":34,"column":66}}],"line":34},"3":{"loc":{"start":{"line":90,"column":9},"end":{"line":99,"column":9}},"type":"binary-expr","locations":[{"start":{"line":90,"column":9},"end":{"line":90,"column":15}},{"start":{"line":91,"column":10},"end":{"line":98,"column":17}}],"line":90}},"s":{"0":23,"1":23,"2":23,"3":23,"4":23,"5":4,"6":4,"7":4,"8":4,"9":4,"10":2,"11":2,"12":1,"13":1,"14":0,"15":1,"16":1,"17":3,"18":23,"19":4,"20":4},"f":{"0":23,"1":4,"2":0,"3":4,"4":4},"b":{"0":[1,1],"1":[2,2,2],"2":[1,0],"3":[23,7]},"_coverageSchema":"1a1c01bbd47fc00a2c39e90264f33305004495a9","hash":"41b655f40449ca064e59fed60d441c4b4ee09e6f"}
,"/home/jistriane/Documentos/StreamPay AI/StreamPay-AI/frontend/app/monitoramento/page.tsx": {"path":"/home/jistriane/Documentos/StreamPay AI/StreamPay-AI/frontend/app/monitoramento/page.tsx","statementMap":{"0":{"start":{"line":6,"column":30},"end":{"line":6,"column":49}},"1":{"start":{"line":7,"column":32},"end":{"line":7,"column":46}},"2":{"start":{"line":9,"column":2},"end":{"line":17,"column":9}},"3":{"start":{"line":10,"column":4},"end":{"line":16,"column":38}},"4":{"start":{"line":11,"column":19},"end":{"line":11,"column":29}},"5":{"start":{"line":13,"column":8},"end":{"line":13,"column":24}},"6":{"start":{"line":14,"column":8},"end":{"line":14,"column":26}},"7":{"start":{"line":16,"column":19},"end":{"line":16,"column":36}},"8":{"start":{"line":19,"column":2},"end":{"line":37,"column":4}},"9":{"start":{"line":27,"column":14},"end":{"line":30,"column":19}}},"fnMap":{"0":{"name":"MonitoramentoPage","decl":{"start":{"line":5,"column":24},"end":{"line":5,"column":41}},"loc":{"start":{"line":5,"column":44},"end":{"line":38,"column":1}},"line":5},"1":{"name":"(anonymous_1)","decl":{"start":{"line":9,"column":12},"end":{"line":9,"column":13}},"loc":{"start":{"line":9,"column":18},"end":{"line":17,"column":3}},"line":9},"2":{"name":"(anonymous_2)","decl":{"start":{"line":11,"column":12},"end":{"line":11,"column":13}},"loc":{"start":{"line":11,"column":19},"end":{"line":11,"column":29}},"line":11},"3":{"name":"(anonymous_3)","decl":{"start":{"line":12,"column":12},"end":{"line":12,"column":13}},"loc":{"start":{"line":12,"column":20},"end":{"line":15,"column":7}},"line":12},"4":{"name":"(anonymous_4)","decl":{"start":{"line":16,"column":13},"end":{"line":16,"column":14}},"loc":{"start":{"line":16,"column":19},"end":{"line":16,"column":36}},"line":16},"5":{"name":"(anonymous_5)","decl":{"start":{"line":26,"column":40},"end":{"line":26,"column":41}},"loc":{"start":{"line":27,"column":14},"end":{"line":30,"column":19}},"line":27}},"branchMap":{"0":{"loc":{"start":{"line":23,"column":9},"end":{"line":23,"column":73}},"type":"binary-expr","locations":[{"start":{"line":23,"column":9},"end":{"line":23,"column":16}},{"start":{"line":23,"column":20},"end":{"line":23,"column":73}}],"line":23},"1":{"loc":{"start":{"line":24,"column":9},"end":{"line":33,"column":9}},"type":"binary-expr","locations":[{"start":{"line":24,"column":9},"end":{"line":24,"column":17}},{"start":{"line":24,"column":21},"end":{"line":24,"column":27}},{"start":{"line":25,"column":10},"end":{"line":32,"column":15}}],"line":24},"2":{"loc":{"start":{"line":28,"column":87},"end":{"line":28,"column":143}},"type":"cond-expr","locations":[{"start":{"line":28,"column":110},"end":{"line":28,"column":126}},{"start":{"line":28,"column":129},"end":{"line":28,"column":143}}],"line":28},"3":{"loc":{"start":{"line":29,"column":17},"end":{"line":29,"column":89}},"type":"binary-expr","locations":[{"start":{"line":29,"column":17},"end":{"line":29,"column":27}},{"start":{"line":29,"column":31},"end":{"line":29,"column":89}}],"line":29},"4":{"loc":{"start":{"line":34,"column":9},"end":{"line":34,"column":102}},"type":"binary-expr","locations":[{"start":{"line":34,"column":9},"end":{"line":34,"column":17}},{"start":{"line":34,"column":21},"end":{"line":34,"column":28}},{"start":{"line":34,"column":32},"end":{"line":34,"column":102}}],"line":34}},"s":{"0":6,"1":5,"2":5,"3":3,"4":2,"5":2,"6":2,"7":1,"8":5,"9":0},"f":{"0":6,"1":3,"2":2,"3":2,"4":1,"5":0},"b":{"0":[5,3],"1":[5,2,0],"2":[0,0],"3":[0,0],"4":[5,2,2]},"_coverageSchema":"1a1c01bbd47fc00a2c39e90264f33305004495a9","hash":"11b590b1071677645d1b8fb34cc202571c0eb4a5"}
,"/home/jistriane/Documentos/StreamPay AI/StreamPay-AI/frontend/app/notificacoes/page.tsx": {"path":"/home/jistriane/Documentos/StreamPay AI/StreamPay-AI/frontend/app/notificacoes/page.tsx","statementMap":{"0":{"start":{"line":5,"column":42},"end":{"line":5,"column":61}},"1":{"start":{"line":6,"column":32},"end":{"line":6,"column":46}},"2":{"start":{"line":8,"column":2},"end":{"line":16,"column":9}},"3":{"start":{"line":9,"column":4},"end":{"line":15,"column":38}},"4":{"start":{"line":10,"column":19},"end":{"line":10,"column":29}},"5":{"start":{"line":12,"column":8},"end":{"line":12,"column":49}},"6":{"start":{"line":13,"column":8},"end":{"line":13,"column":26}},"7":{"start":{"line":15,"column":19},"end":{"line":15,"column":36}},"8":{"start":{"line":18,"column":2},"end":{"line":37,"column":4}},"9":{"start":{"line":27,"column":14},"end":{"line":31,"column":19}}},"fnMap":{"0":{"name":"NotificacoesPage","decl":{"start":{"line":4,"column":24},"end":{"line":4,"column":40}},"loc":{"start":{"line":4,"column":43},"end":{"line":38,"column":1}},"line":4},"1":{"name":"(anonymous_1)","decl":{"start":{"line":8,"column":12},"end":{"line":8,"column":13}},"loc":{"start":{"line":8,"column":18},"end":{"line":16,"column":3}},"line":8},"2":{"name":"(anonymous_2)","decl":{"start":{"line":10,"column":12},"end":{"line":10,"column":13}},"loc":{"start":{"line":10,"column":19},"end":{"line":10,"column":29}},"line":10},"3":{"name":"(anonymous_3)","decl":{"start":{"line":11,"column":12},"end":{"line":11,"column":13}},"loc":{"start":{"line":11,"column":20},"end":{"line":14,"column":7}},"line":11},"4":{"name":"(anonymous_4)","decl":{"start":{"line":15,"column":13},"end":{"line":15,"column":14}},"loc":{"start":{"line":15,"column":19},"end":{"line":15,"column":36}},"line":15},"5":{"name":"(anonymous_5)","decl":{"start":{"line":26,"column":30},"end":{"line":26,"column":31}},"loc":{"start":{"line":27,"column":14},"end":{"line":31,"column":19}},"line":27}},"branchMap":{"0":{"loc":{"start":{"line":12,"column":24},"end":{"line":12,"column":47}},"type":"binary-expr","locations":[{"start":{"line":12,"column":24},"end":{"line":12,"column":41}},{"start":{"line":12,"column":45},"end":{"line":12,"column":47}}],"line":12},"1":{"loc":{"start":{"line":22,"column":9},"end":{"line":22,"column":79}},"type":"binary-expr","locations":[{"start":{"line":22,"column":9},"end":{"line":22,"column":16}},{"start":{"line":22,"column":20},"end":{"line":22,"column":79}}],"line":22},"2":{"loc":{"start":{"line":23,"column":9},"end":{"line":23,"column":114}},"type":"binary-expr","locations":[{"start":{"line":23,"column":9},"end":{"line":23,"column":17}},{"start":{"line":23,"column":21},"end":{"line":23,"column":46}},{"start":{"line":23,"column":50},"end":{"line":23,"column":114}}],"line":23},"3":{"loc":{"start":{"line":24,"column":9},"end":{"line":34,"column":9}},"type":"binary-expr","locations":[{"start":{"line":24,"column":9},"end":{"line":24,"column":17}},{"start":{"line":24,"column":21},"end":{"line":24,"column":44}},{"start":{"line":25,"column":10},"end":{"line":33,"column":15}}],"line":24}},"s":{"0":5,"1":5,"2":5,"3":3,"4":2,"5":2,"6":2,"7":0,"8":5,"9":2},"f":{"0":5,"1":3,"2":2,"3":2,"4":0,"5":2},"b":{"0":[2,0],"1":[5,3],"2":[5,2,1],"3":[5,2,1]},"_coverageSchema":"1a1c01bbd47fc00a2c39e90264f33305004495a9","hash":"bf02b6b2af0ba16f61af3d22ea51812308630685"}
,"/home/jistriane/Documentos/StreamPay AI/StreamPay-AI/frontend/app/stream/[id]/page.tsx": {"path":"/home/jistriane/Documentos/StreamPay AI/StreamPay-AI/frontend/app/stream/[id]/page.tsx","statementMap":{"0":{"start":{"line":6,"column":17},"end":{"line":6,"column":28}},"1":{"start":{"line":7,"column":17},"end":{"line":7,"column":29}},"2":{"start":{"line":8,"column":30},"end":{"line":8,"column":49}},"3":{"start":{"line":9,"column":32},"end":{"line":9,"column":46}},"4":{"start":{"line":11,"column":2},"end":{"line":20,"column":11}},"5":{"start":{"line":12,"column":4},"end":{"line":12,"column":20}},"6":{"start":{"line":12,"column":13},"end":{"line":12,"column":20}},"7":{"start":{"line":13,"column":4},"end":{"line":19,"column":38}},"8":{"start":{"line":14,"column":19},"end":{"line":14,"column":29}},"9":{"start":{"line":16,"column":8},"end":{"line":16,"column":31}},"10":{"start":{"line":17,"column":8},"end":{"line":17,"column":26}},"11":{"start":{"line":19,"column":19},"end":{"line":19,"column":36}},"12":{"start":{"line":22,"column":2},"end":{"line":41,"column":4}}},"fnMap":{"0":{"name":"StreamDetalhePage","decl":{"start":{"line":5,"column":24},"end":{"line":5,"column":41}},"loc":{"start":{"line":5,"column":44},"end":{"line":42,"column":1}},"line":5},"1":{"name":"(anonymous_1)","decl":{"start":{"line":11,"column":12},"end":{"line":11,"column":13}},"loc":{"start":{"line":11,"column":18},"end":{"line":20,"column":3}},"line":11},"2":{"name":"(anonymous_2)","decl":{"start":{"line":14,"column":12},"end":{"line":14,"column":13}},"loc":{"start":{"line":14,"column":19},"end":{"line":14,"column":29}},"line":14},"3":{"name":"(anonymous_3)","decl":{"start":{"line":15,"column":12},"end":{"line":15,"column":13}},"loc":{"start":{"line":15,"column":20},"end":{"line":18,"column":7}},"line":15},"4":{"name":"(anonymous_4)","decl":{"start":{"line":19,"column":13},"end":{"line":19,"column":14}},"loc":{"start":{"line":19,"column":19},"end":{"line":19,"column":36}},"line":19}},"branchMap":{"0":{"loc":{"start":{"line":12,"column":4},"end":{"line":12,"column":20}},"type":"if","locations":[{"start":{"line":12,"column":4},"end":{"line":12,"column":20}},{"start":{},"end":{}}],"line":12},"1":{"loc":{"start":{"line":26,"column":9},"end":{"line":26,"column":75}},"type":"binary-expr","locations":[{"start":{"line":26,"column":9},"end":{"line":26,"column":16}},{"start":{"line":26,"column":20},"end":{"line":26,"column":75}}],"line":26},"2":{"loc":{"start":{"line":27,"column":9},"end":{"line":27,"column":86}},"type":"binary-expr","locations":[{"start":{"line":27,"column":9},"end":{"line":27,"column":17}},{"start":{"line":27,"column":21},"end":{"line":27,"column":28}},{"start":{"line":27,"column":32},"end":{"line":27,"column":86}}],"line":27},"3":{"loc":{"start":{"line":28,"column":9},"end":{"line":38,"column":9}},"type":"binary-expr","locations":[{"start":{"line":28,"column":9},"end":{"line":28,"column":17}},{"start":{"line":28,"column":21},"end":{"line":28,"column":27}},{"start":{"line":29,"column":10},"end":{"line":37,"column":16}}],"line":28},"4":{"loc":{"start":{"line":34,"column":43},"end":{"line":34,"column":81}},"type":"cond-expr","locations":[{"start":{"line":34,"column":59},"end":{"line":34,"column":66}},{"start":{"line":34,"column":69},"end":{"line":34,"column":81}}],"line":34},"5":{"loc":{"start":{"line":36,"column":13},"end":{"line":36,"column":117}},"type":"binary-expr","locations":[{"start":{"line":36,"column":13},"end":{"line":36,"column":32}},{"start":{"line":36,"column":36},"end":{"line":36,"column":117}}],"line":36}},"s":{"0":8,"1":8,"2":8,"3":8,"4":8,"5":5,"6":0,"7":5,"8":3,"9":3,"10":3,"11":0,"12":8},"f":{"0":8,"1":5,"2":3,"3":3,"4":0},"b":{"0":[0,5],"1":[8,5],"2":[8,3,1],"3":[8,3,2],"4":[1,1],"5":[2,1]},"_coverageSchema":"1a1c01bbd47fc00a2c39e90264f33305004495a9","hash":"7c422b2cb304df9f9d4f5070bc7dc177f20c338d"}
}
