TN:
SF:app/page.tsx
FN:5,StreamPayDashboard
FN:8,(anonymous_1)
FNF:2
FNH:2
FNDA:22,StreamPayDashboard
FNDA:11,(anonymous_1)
DA:6,22
DA:8,22
DA:9,11
DA:12,22
DA:13,11
DA:16,11
LF:6
LH:6
BRDA:12,0,0,11
BRDA:12,0,1,11
BRF:2
BRH:2
end_of_record
TN:
SF:app/cadastro/page.tsx
FN:7,CadastroPage
FN:14,(anonymous_1)
FN:30,(anonymous_2)
FN:62,(anonymous_3)
FN:72,(anonymous_4)
FN:82,(anonymous_5)
FNF:6
FNH:5
FNDA:28,CadastroPage
FNDA:4,(anonymous_1)
FNDA:0,(anonymous_2)
FNDA:4,(anonymous_3)
FNDA:4,(anonymous_4)
FNDA:4,(anonymous_5)
DA:8,28
DA:9,28
DA:10,28
DA:11,28
DA:12,28
DA:14,28
DA:15,4
DA:16,4
DA:17,4
DA:19,4
DA:20,4
DA:26,3
DA:28,3
DA:29,2
DA:30,2
DA:31,0
DA:34,1
DA:37,1
DA:39,4
DA:43,28
DA:62,4
DA:72,4
DA:82,4
LF:23
LH:22
BRDA:28,0,0,2
BRDA:28,0,1,1
BRDA:34,1,0,1
BRDA:34,1,1,0
BRDA:100,2,0,28
BRDA:100,2,1,8
BRF:6
BRH:5
end_of_record
TN:
SF:app/compliance/page.tsx
FN:5,CompliancePage
FN:9,(anonymous_1)
FN:11,(anonymous_2)
FN:12,(anonymous_3)
FN:16,(anonymous_4)
FNF:5
FNH:5
FNDA:14,CompliancePage
FNDA:7,(anonymous_1)
FNDA:6,(anonymous_2)
FNDA:6,(anonymous_3)
FNDA:1,(anonymous_4)
DA:6,14
DA:7,13
DA:9,13
DA:10,7
DA:11,6
DA:13,6
DA:14,6
DA:16,1
DA:19,13
LF:9
LH:9
BRDA:23,0,0,13
BRDA:23,0,1,7
BRDA:24,1,0,13
BRDA:24,1,1,6
BRDA:24,1,2,3
BRDA:26,2,0,2
BRDA:26,2,1,1
BRDA:27,3,0,3
BRDA:27,3,1,1
BRDA:28,4,0,3
BRDA:28,4,1,3
BRDA:31,5,0,13
BRDA:31,5,1,6
BRDA:31,5,2,3
BRF:14
BRH:14
end_of_record
TN:
SF:app/components/Button.tsx
FN:12,Button
FNF:1
FNH:1
FNDA:51,Button
DA:23,51
DA:31,51
DA:37,51
LF:3
LH:3
BRDA:14,0,0,0
BRDA:15,1,0,0
BRDA:16,2,0,0
BRDA:17,3,0,0
BRDA:19,4,0,0
BRDA:39,5,0,51
BRDA:39,5,1,0
BRDA:39,6,0,8
BRDA:39,6,1,43
BRDA:40,7,0,51
BRDA:40,7,1,51
BRDA:43,8,0,51
BRDA:43,8,1,8
BRDA:44,9,0,51
BRDA:44,9,1,0
BRDA:44,9,2,0
BRF:16
BRH:8
end_of_record
TN:
SF:app/components/Card.tsx
FN:12,Card
FNF:1
FNH:1
FNDA:66,Card
DA:19,66
DA:25,66
DA:32,66
LF:3
LH:3
BRDA:14,0,0,0
BRDA:15,1,0,0
BRDA:16,2,0,66
BRDA:17,3,0,0
BRDA:34,4,0,0
BRDA:34,4,1,66
BRF:6
BRH:2
end_of_record
TN:
SF:app/components/Chat.tsx
FN:12,Chat
FN:27,(anonymous_1)
FN:31,(anonymous_2)
FN:35,(anonymous_3)
FN:45,(anonymous_4)
FN:73,(anonymous_5)
FN:76,(anonymous_6)
FN:79,(anonymous_7)
FN:80,(anonymous_8)
FN:96,(anonymous_9)
FN:105,(anonymous_10)
FN:112,(anonymous_11)
FN:122,(anonymous_12)
FN:160,(anonymous_13)
FNF:14
FNH:8
FNDA:22,Chat
FNDA:18,(anonymous_1)
FNDA:18,(anonymous_2)
FNDA:4,(anonymous_3)
FNDA:4,(anonymous_4)
FNDA:0,(anonymous_5)
FNDA:0,(anonymous_6)
FNDA:0,(anonymous_7)
FNDA:0,(anonymous_8)
FNDA:0,(anonymous_9)
FNDA:3,(anonymous_10)
FNDA:0,(anonymous_11)
FNDA:32,(anonymous_12)
FNDA:4,(anonymous_13)
DA:13,22
DA:14,22
DA:22,22
DA:23,22
DA:24,22
DA:25,22
DA:27,22
DA:28,18
DA:31,22
DA:32,18
DA:35,22
DA:36,4
DA:38,4
DA:45,4
DA:46,4
DA:47,4
DA:49,4
DA:50,4
DA:62,2
DA:65,0
DA:66,0
DA:67,0
DA:73,0
DA:76,0
DA:79,0
DA:80,0
DA:81,0
DA:87,0
DA:90,0
DA:96,0
DA:99,3
DA:105,3
DA:107,3
DA:108,3
DA:112,22
DA:113,0
DA:114,0
DA:115,0
DA:119,22
DA:123,32
DA:160,4
LF:41
LH:27
BRDA:36,0,0,0
BRDA:36,0,1,4
BRDA:36,1,0,4
BRDA:36,1,1,4
BRDA:54,2,0,2
BRDA:54,2,1,2
BRDA:54,3,0,4
BRDA:54,3,1,2
BRDA:58,4,0,4
BRDA:58,4,1,2
BRDA:65,5,0,0
BRDA:65,5,1,0
BRDA:84,6,0,0
BRDA:84,6,1,0
BRDA:84,6,2,0
BRDA:84,6,3,0
BRDA:93,7,0,0
BRDA:93,7,1,0
BRDA:93,7,2,0
BRDA:93,7,3,0
BRDA:102,8,0,3
BRDA:102,8,1,0
BRDA:113,9,0,0
BRDA:113,9,1,0
BRDA:113,10,0,0
BRDA:113,10,1,0
BRDA:125,11,0,7
BRDA:125,11,1,25
BRDA:129,12,0,7
BRDA:129,12,1,25
BRDA:135,13,0,22
BRDA:135,13,1,4
BRDA:151,14,0,22
BRDA:151,14,1,9
BRDA:170,15,0,22
BRDA:170,15,1,4
BRF:36
BRH:20
end_of_record
TN:
SF:app/components/Input.tsx
FN:12,Input
FNF:1
FNH:1
FNDA:130,Input
DA:22,130
DA:24,130
LF:2
LH:2
BRDA:16,0,0,130
BRDA:18,1,0,130
BRDA:19,2,0,130
BRDA:22,3,0,130
BRDA:22,3,1,130
BRDA:26,4,0,130
BRDA:26,4,1,130
BRDA:32,5,0,130
BRDA:32,5,1,130
BRDA:33,6,0,0
BRDA:33,6,1,130
BRDA:37,7,0,0
BRDA:37,7,1,0
BRDA:37,8,0,0
BRDA:37,8,1,0
BRDA:43,9,0,130
BRDA:43,9,1,0
BRDA:43,10,0,0
BRDA:43,10,1,130
BRDA:48,11,0,130
BRDA:48,11,1,0
BRF:21
BRH:13
end_of_record
TN:
SF:app/configuracoes/page.tsx
FN:4,ConfiguracoesPage
FN:11,(anonymous_1)
FN:13,(anonymous_2)
FN:14,(anonymous_3)
FN:20,(anonymous_4)
FN:23,(anonymous_5)
FN:51,(anonymous_6)
FN:53,(anonymous_7)
FNF:8
FNH:7
FNDA:25,ConfiguracoesPage
FNDA:8,(anonymous_1)
FNDA:8,(anonymous_2)
FNDA:8,(anonymous_3)
FNDA:1,(anonymous_4)
FNDA:4,(anonymous_5)
FNDA:1,(anonymous_6)
FNDA:0,(anonymous_7)
DA:5,25
DA:6,24
DA:7,24
DA:8,24
DA:9,24
DA:11,24
DA:12,8
DA:13,8
DA:15,8
DA:16,8
DA:17,7
DA:18,7
DA:20,1
DA:23,24
DA:24,4
DA:25,4
DA:26,4
DA:27,4
DA:32,3
DA:33,3
DA:34,1
DA:36,2
DA:39,1
DA:43,24
DA:51,1
DA:53,0
LF:26
LH:25
BRDA:16,0,0,8
BRDA:16,0,1,3
BRDA:17,1,0,7
BRDA:17,1,1,3
BRDA:33,2,0,1
BRDA:33,2,1,2
BRDA:33,3,0,3
BRDA:33,3,1,1
BRDA:36,4,0,2
BRDA:36,4,1,1
BRDA:47,5,0,24
BRDA:47,5,1,8
BRDA:48,6,0,24
BRDA:48,6,1,16
BRDA:48,6,2,15
BRDA:57,7,0,24
BRDA:57,7,1,8
BRDA:58,8,0,24
BRDA:58,8,1,16
BRDA:58,8,2,1
BRF:20
BRH:20
end_of_record
TN:
SF:app/historico/page.tsx
FN:6,HistoricoPage
FN:10,(anonymous_1)
FN:12,(anonymous_2)
FN:13,(anonymous_3)
FN:17,(anonymous_4)
FN:28,(anonymous_5)
FNF:6
FNH:6
FNDA:12,HistoricoPage
FNDA:6,(anonymous_1)
FNDA:5,(anonymous_2)
FNDA:5,(anonymous_3)
FNDA:2,(anonymous_4)
FNDA:1,(anonymous_5)
DA:7,12
DA:8,11
DA:10,11
DA:11,6
DA:12,5
DA:14,5
DA:15,4
DA:17,2
DA:20,11
DA:29,1
LF:10
LH:10
BRDA:14,0,0,5
BRDA:14,0,1,0
BRDA:24,1,0,11
BRDA:24,1,1,6
BRDA:25,2,0,11
BRDA:25,2,1,5
BRDA:25,2,2,4
BRDA:26,3,0,11
BRDA:26,3,1,5
BRDA:26,3,2,1
BRDA:34,4,0,0
BRDA:34,4,1,1
BRDA:34,5,0,0
BRDA:34,5,1,1
BRF:14
BRH:11
end_of_record
TN:
SF:app/login/page.tsx
FN:7,LoginPage
FN:13,(anonymous_1)
FN:30,(anonymous_2)
FN:62,(anonymous_3)
FN:72,(anonymous_4)
FNF:5
FNH:4
FNDA:23,LoginPage
FNDA:4,(anonymous_1)
FNDA:0,(anonymous_2)
FNDA:4,(anonymous_3)
FNDA:4,(anonymous_4)
DA:8,23
DA:9,23
DA:10,23
DA:11,23
DA:13,23
DA:14,4
DA:15,4
DA:16,4
DA:18,4
DA:19,4
DA:25,2
DA:27,2
DA:28,1
DA:30,1
DA:31,0
DA:34,1
DA:37,1
DA:39,3
DA:43,23
DA:62,4
DA:72,4
LF:21
LH:20
BRDA:27,0,0,1
BRDA:27,0,1,1
BRDA:27,1,0,2
BRDA:27,1,1,2
BRDA:27,1,2,2
BRDA:34,2,0,1
BRDA:34,2,1,0
BRDA:90,3,0,23
BRDA:90,3,1,7
BRF:9
BRH:8
end_of_record
TN:
SF:app/monitoramento/page.tsx
FN:5,MonitoramentoPage
FN:9,(anonymous_1)
FN:11,(anonymous_2)
FN:12,(anonymous_3)
FN:16,(anonymous_4)
FN:26,(anonymous_5)
FNF:6
FNH:5
FNDA:6,MonitoramentoPage
FNDA:3,(anonymous_1)
FNDA:2,(anonymous_2)
FNDA:2,(anonymous_3)
FNDA:1,(anonymous_4)
FNDA:0,(anonymous_5)
DA:6,6
DA:7,5
DA:9,5
DA:10,3
DA:11,2
DA:13,2
DA:14,2
DA:16,1
DA:19,5
DA:27,0
LF:10
LH:9
BRDA:23,0,0,5
BRDA:23,0,1,3
BRDA:24,1,0,5
BRDA:24,1,1,2
BRDA:24,1,2,0
BRDA:28,2,0,0
BRDA:28,2,1,0
BRDA:29,3,0,0
BRDA:29,3,1,0
BRDA:34,4,0,5
BRDA:34,4,1,2
BRDA:34,4,2,2
BRF:12
BRH:7
end_of_record
TN:
SF:app/notificacoes/page.tsx
FN:4,NotificacoesPage
FN:8,(anonymous_1)
FN:10,(anonymous_2)
FN:11,(anonymous_3)
FN:15,(anonymous_4)
FN:26,(anonymous_5)
FNF:6
FNH:5
FNDA:5,NotificacoesPage
FNDA:3,(anonymous_1)
FNDA:2,(anonymous_2)
FNDA:2,(anonymous_3)
FNDA:0,(anonymous_4)
FNDA:2,(anonymous_5)
DA:5,5
DA:6,5
DA:8,5
DA:9,3
DA:10,2
DA:12,2
DA:13,2
DA:15,0
DA:18,5
DA:27,2
LF:10
LH:9
BRDA:12,0,0,2
BRDA:12,0,1,0
BRDA:22,1,0,5
BRDA:22,1,1,3
BRDA:23,2,0,5
BRDA:23,2,1,2
BRDA:23,2,2,1
BRDA:24,3,0,5
BRDA:24,3,1,2
BRDA:24,3,2,1
BRF:10
BRH:9
end_of_record
TN:
SF:app/stream/[id]/page.tsx
FN:5,StreamDetalhePage
FN:11,(anonymous_1)
FN:14,(anonymous_2)
FN:15,(anonymous_3)
FN:19,(anonymous_4)
FNF:5
FNH:4
FNDA:8,StreamDetalhePage
FNDA:5,(anonymous_1)
FNDA:3,(anonymous_2)
FNDA:3,(anonymous_3)
FNDA:0,(anonymous_4)
DA:6,8
DA:7,8
DA:8,8
DA:9,8
DA:11,8
DA:12,5
DA:13,5
DA:14,3
DA:16,3
DA:17,3
DA:19,0
DA:22,8
LF:12
LH:11
BRDA:12,0,0,0
BRDA:12,0,1,5
BRDA:26,1,0,8
BRDA:26,1,1,5
BRDA:27,2,0,8
BRDA:27,2,1,3
BRDA:27,2,2,1
BRDA:28,3,0,8
BRDA:28,3,1,3
BRDA:28,3,2,2
BRDA:34,4,0,1
BRDA:34,4,1,1
BRDA:36,5,0,2
BRDA:36,5,1,1
BRF:14
BRH:13
end_of_record
